# JRE version: Java(TM) SE Runtime Environment (8.0_261-b12) (build 1.8.0_261-b12)
# Java VM: Java HotSpot(TM) 64-Bit Server VM (25.261-b12 mixed mode windows-amd64 compressed oops)
Heap:
 PSYoungGen      total 146944K, used 30317K [0x000000076ae00000, 0x0000000777f00000, 0x00000007c0000000)
  eden space 134656K, 13% used [0x000000076ae00000,0x000000076bf9e220,0x0000000773180000)
  from space 12288K, 99% used [0x0000000777300000,0x0000000777efd310,0x0000000777f00000)
  to   space 11776K, 0% used [0x0000000773180000,0x0000000773180000,0x0000000773d00000)
 ParOldGen       total 172544K, used 18174K [0x00000006c0a00000, 0x00000006cb280000, 0x000000076ae00000)
  object space 172544K, 10% used [0x00000006c0a00000,0x00000006c1bbfb28,0x00000006cb280000)
 Metaspace       used 45552K, capacity 47414K, committed 47616K, reserved 1091584K
  class space    used 5770K, capacity 6093K, committed 6144K, reserved 1048576K
GC Heap History (10 events):
Event: 2.816 GC heap before
{Heap before GC invocations=6 (full 1):
 PSYoungGen      total 104960K, used 62842K [0x000000076ae00000, 0x0000000772080000, 0x00000007c0000000)
  eden space 94720K, 55% used [0x000000076ae00000,0x000000076e17e150,0x0000000770a80000)
  from space 10240K, 98% used [0x0000000771680000,0x00000007720608c8,0x0000000772080000)
  to   space 10752K, 0% used [0x0000000770b80000,0x0000000770b80000,0x0000000771600000)
 ParOldGen       total 109568K, used 10193K [0x00000006c0a00000, 0x00000006c7500000, 0x000000076ae00000)
  object space 109568K, 9% used [0x00000006c0a00000,0x00000006c13f45a8,0x00000006c7500000)
 Metaspace       used 33957K, capacity 35328K, committed 35416K, reserved 1081344K
  class space    used 4349K, capacity 4606K, committed 4608K, reserved 1048576K
Event: 2.824 GC heap after
Heap after GC invocations=6 (full 1):
 PSYoungGen      total 106496K, used 9054K [0x000000076ae00000, 0x0000000774900000, 0x00000007c0000000)
  eden space 95744K, 0% used [0x000000076ae00000,0x000000076ae00000,0x0000000770b80000)
  from space 10752K, 84% used [0x0000000770b80000,0x00000007714579d8,0x0000000771600000)
  to   space 11264K, 0% used [0x0000000773e00000,0x0000000773e00000,0x0000000774900000)
 ParOldGen       total 109568K, used 10201K [0x00000006c0a00000, 0x00000006c7500000, 0x000000076ae00000)
  object space 109568K, 9% used [0x00000006c0a00000,0x00000006c13f65a8,0x00000006c7500000)
 Metaspace       used 33957K, capacity 35328K, committed 35416K, reserved 1081344K
  class space    used 4349K, capacity 4606K, committed 4608K, reserved 1048576K
}
Event: 2.824 GC heap before
{Heap before GC invocations=7 (full 2):
 PSYoungGen      total 106496K, used 9054K [0x000000076ae00000, 0x0000000774900000, 0x00000007c0000000)
  eden space 95744K, 0% used [0x000000076ae00000,0x000000076ae00000,0x0000000770b80000)
  from space 10752K, 84% used [0x0000000770b80000,0x00000007714579d8,0x0000000771600000)
  to   space 11264K, 0% used [0x0000000773e00000,0x0000000773e00000,0x0000000774900000)
 ParOldGen       total 109568K, used 10201K [0x00000006c0a00000, 0x00000006c7500000, 0x000000076ae00000)
  object space 109568K, 9% used [0x00000006c0a00000,0x00000006c13f65a8,0x00000006c7500000)
 Metaspace       used 33957K, capacity 35328K, committed 35416K, reserved 1081344K
  class space    used 4349K, capacity 4606K, committed 4608K, reserved 1048576K
Event: 2.864 GC heap after
Heap after GC invocations=7 (full 2):
 PSYoungGen      total 106496K, used 0K [0x000000076ae00000, 0x0000000774900000, 0x00000007c0000000)
  eden space 95744K, 0% used [0x000000076ae00000,0x000000076ae00000,0x0000000770b80000)
  from space 10752K, 0% used [0x0000000770b80000,0x0000000770b80000,0x0000000771600000)
  to   space 11264K, 0% used [0x0000000773e00000,0x0000000773e00000,0x0000000774900000)
 ParOldGen       total 172544K, used 13813K [0x00000006c0a00000, 0x00000006cb280000, 0x000000076ae00000)
  object space 172544K, 8% used [0x00000006c0a00000,0x00000006c177d7d0,0x00000006cb280000)
 Metaspace       used 33957K, capacity 35328K, committed 35416K, reserved 1081344K
  class space    used 4349K, capacity 4606K, committed 4608K, reserved 1048576K
}
Event: 3.622 GC heap before
{Heap before GC invocations=8 (full 2):
 PSYoungGen      total 106496K, used 95744K [0x000000076ae00000, 0x0000000774900000, 0x00000007c0000000)
  eden space 95744K, 100% used [0x000000076ae00000,0x0000000770b80000,0x0000000770b80000)
  from space 10752K, 0% used [0x0000000770b80000,0x0000000770b80000,0x0000000771600000)
  to   space 11264K, 0% used [0x0000000773e00000,0x0000000773e00000,0x0000000774900000)
 ParOldGen       total 172544K, used 13813K [0x00000006c0a00000, 0x00000006cb280000, 0x000000076ae00000)
  object space 172544K, 8% used [0x00000006c0a00000,0x00000006c177d7d0,0x00000006cb280000)
 Metaspace       used 41175K, capacity 42650K, committed 42880K, reserved 1087488K
  class space    used 5232K, capacity 5495K, committed 5504K, reserved 1048576K
Event: 3.631 GC heap after
Heap after GC invocations=8 (full 2):
 PSYoungGen      total 144896K, used 10668K [0x000000076ae00000, 0x0000000774880000, 0x00000007c0000000)
  eden space 134144K, 0% used [0x000000076ae00000,0x000000076ae00000,0x0000000773100000)
  from space 10752K, 99% used [0x0000000773e00000,0x000000077486b0a8,0x0000000774880000)
  to   space 11776K, 0% used [0x0000000773180000,0x0000000773180000,0x0000000773d00000)
 ParOldGen       total 172544K, used 13821K [0x00000006c0a00000, 0x00000006cb280000, 0x000000076ae00000)
  object space 172544K, 8% used [0x00000006c0a00000,0x00000006c177f7d0,0x00000006cb280000)
 Metaspace       used 41175K, capacity 42650K, committed 42880K, reserved 1087488K
  class space    used 5232K, capacity 5495K, committed 5504K, reserved 1048576K
}
Event: 4.222 GC heap before
{Heap before GC invocations=9 (full 2):
 PSYoungGen      total 144896K, used 144812K [0x000000076ae00000, 0x0000000774880000, 0x00000007c0000000)
  eden space 134144K, 100% used [0x000000076ae00000,0x0000000773100000,0x0000000773100000)
  from space 10752K, 99% used [0x0000000773e00000,0x000000077486b0a8,0x0000000774880000)
  to   space 11776K, 0% used [0x0000000773180000,0x0000000773180000,0x0000000773d00000)
 ParOldGen       total 172544K, used 13821K [0x00000006c0a00000, 0x00000006cb280000, 0x000000076ae00000)
  object space 172544K, 8% used [0x00000006c0a00000,0x00000006c177f7d0,0x00000006cb280000)
 Metaspace       used 42703K, capacity 44224K, committed 44416K, reserved 1087488K
  class space    used 5369K, capacity 5652K, committed 5760K, reserved 1048576K
Event: 4.233 GC heap after
Heap after GC invocations=9 (full 2):
 PSYoungGen      total 146432K, used 11100K [0x000000076ae00000, 0x0000000777f00000, 0x00000007c0000000)
  eden space 134656K, 0% used [0x000000076ae00000,0x000000076ae00000,0x0000000773180000)
  from space 11776K, 94% used [0x0000000773180000,0x0000000773c57240,0x0000000773d00000)
  to   space 12288K, 0% used [0x0000000777300000,0x0000000777300000,0x0000000777f00000)
 ParOldGen       total 172544K, used 13829K [0x00000006c0a00000, 0x00000006cb280000, 0x000000076ae00000)
  object space 172544K, 8% used [0x00000006c0a00000,0x00000006c17817d0,0x00000006cb280000)
 Metaspace       used 42703K, capacity 44224K, committed 44416K, reserved 1087488K
  class space    used 5369K, capacity 5652K, committed 5760K, reserved 1048576K
}
Event: 4.911 GC heap before
{Heap before GC invocations=10 (full 2):
 PSYoungGen      total 146432K, used 145756K [0x000000076ae00000, 0x0000000777f00000, 0x00000007c0000000)
  eden space 134656K, 100% used [0x000000076ae00000,0x0000000773180000,0x0000000773180000)
  from space 11776K, 94% used [0x0000000773180000,0x0000000773c57240,0x0000000773d00000)
  to   space 12288K, 0% used [0x0000000777300000,0x0000000777300000,0x0000000777f00000)
 ParOldGen       total 172544K, used 13829K [0x00000006c0a00000, 0x00000006cb280000, 0x000000076ae00000)
  object space 172544K, 8% used [0x00000006c0a00000,0x00000006c17817d0,0x00000006cb280000)
 Metaspace       used 44611K, capacity 46340K, committed 46464K, reserved 1089536K
  class space    used 5619K, capacity 5938K, committed 6016K, reserved 1048576K
Event: 4.927 GC heap after
Heap after GC invocations=10 (full 2):
 PSYoungGen      total 146944K, used 12276K [0x000000076ae00000, 0x0000000777f00000, 0x00000007c0000000)
  eden space 134656K, 0% used [0x000000076ae00000,0x000000076ae00000,0x0000000773180000)
  from space 12288K, 99% used [0x0000000777300000,0x0000000777efd310,0x0000000777f00000)
  to   space 11776K, 0% used [0x0000000773180000,0x0000000773180000,0x0000000773d00000)
 ParOldGen       total 172544K, used 18174K [0x00000006c0a00000, 0x00000006cb280000, 0x000000076ae00000)
  object space 172544K, 10% used [0x00000006c0a00000,0x00000006c1bbfb28,0x00000006cb280000)
 Metaspace       used 44611K, capacity 46340K, committed 46464K, reserved 1089536K
  class space    used 5619K, capacity 5938K, committed 6016K, reserved 1048576K
}

